<component name="libraryTable">
  <library name="junit-4.12-sources">
    <CLASSES />
    <JAVADOC />
    <SOURCES>
      <root url="jar://D:/junit/junit-4.12-sources.jar!/" />
    </SOURCES>
  </library>
</component>